Build started 25.10.2015 22:22:14.
     1>Project "C:\Users\rondo\Documents\sample2\sample2.vcxproj" on node 2 (Build target(s)).
     1>CustomBuild:
         Moc'ing mainwindow.h...
     1>C:\Program Files (x86)\MSBuild\Microsoft.Cpp\v4.0\V120\Microsoft.CppBuild.targets(935,5): warning MSB8027: Two or more files with the name of moc_mainwindow.cpp will produce outputs to the same location. This can lead to an incorrect build result.  The files involved are GeneratedFiles\Debug\moc_mainwindow.cpp, GeneratedFiles\Release\moc_mainwindow.cpp.
       ClCompile:
         C:\Program Files (x86)\Microsoft Visual Studio 12.0\VC\bin\CL.exe /c /I. /ID:\Qt\Qt5.5.0\5.5\msvc2013\include /ID:\Qt\Qt5.5.0\5.5\msvc2013\include\QtDeclarative /ID:\Qt\Qt5.5.0\5.5\msvc2013\include\QtWidgets /ID:\Qt\Qt5.5.0\5.5\msvc2013\include\QtGui /ID:\Qt\Qt5.5.0\5.5\msvc2013\include\QtANGLE /ID:\Qt\Qt5.5.0\5.5\msvc2013\include\QtScript /ID:\Qt\Qt5.5.0\5.5\msvc2013\include\QtCore /Idebug /I. /I"D:\Qt\Qt5.5.0\5.5\msvc2013\mkspecs\win32-msvc2013" /I.\GeneratedFiles /Zi /nologo /W3 /WX- /Od /Oy- /D _WINDOWS /D UNICODE /D WIN32 /D QT_DECLARATIVE_LIB /D QT_WIDGETS_LIB /D QT_GUI_LIB /D QT_SCRIPT_LIB /D QT_CORE_LIB /Gm- /EHsc /MDd /GS /fp:precise /Zc:wchar_t /Zc:forScope /GR /Fo"Win32\Debug\\" /Fd"Win32\Debug\vc120.pdb" /Gd /TP /analyze- /errorReport:prompt -w34100 -w34189 -w44996 GeneratedFiles\Debug\moc_mainwindow.cpp main.cpp mainwindow.cpp
         moc_mainwindow.cpp
     1>C:\Program Files (x86)\Windows Kits\8.1\Include\shared\ws2def.h(96): warning C4005: 'AF_IPX' : macro redefinition
                 C:\Program Files (x86)\Windows Kits\8.1\Include\um\winsock.h(452) : see previous definition of 'AF_IPX'
     1>C:\Program Files (x86)\Windows Kits\8.1\Include\shared\ws2def.h(136): warning C4005: 'AF_MAX' : macro redefinition
                 C:\Program Files (x86)\Windows Kits\8.1\Include\um\winsock.h(471) : see previous definition of 'AF_MAX'
     1>C:\Program Files (x86)\Windows Kits\8.1\Include\shared\ws2def.h(173): warning C4005: 'SO_DONTLINGER' : macro redefinition
                 C:\Program Files (x86)\Windows Kits\8.1\Include\um\winsock.h(394) : see previous definition of 'SO_DONTLINGER'
     1>C:\Program Files (x86)\Windows Kits\8.1\Include\shared\ws2def.h(217): error C2011: 'sockaddr' : 'struct' type redefinition
                 C:\Program Files (x86)\Windows Kits\8.1\Include\um\winsock.h(477) : see declaration of 'sockaddr'
     1>C:\Program Files (x86)\Windows Kits\8.1\Include\shared\ws2def.h(414): error C2059: syntax error : 'constant'
     1>C:\Program Files (x86)\Windows Kits\8.1\Include\shared\ws2def.h(414): error C3805: 'constant': unexpected token, expected either '}' or a ','
     1>C:\Program Files (x86)\Windows Kits\8.1\Include\shared\ws2def.h(549): warning C4005: 'IN_CLASSA' : macro redefinition
                 C:\Program Files (x86)\Windows Kits\8.1\Include\um\winsock.h(279) : see previous definition of 'IN_CLASSA'
     1>C:\Program Files (x86)\Windows Kits\8.1\Include\shared\ws2def.h(555): warning C4005: 'IN_CLASSB' : macro redefinition
                 C:\Program Files (x86)\Windows Kits\8.1\Include\um\winsock.h(285) : see previous definition of 'IN_CLASSB'
     1>C:\Program Files (x86)\Windows Kits\8.1\Include\shared\ws2def.h(561): warning C4005: 'IN_CLASSC' : macro redefinition
                 C:\Program Files (x86)\Windows Kits\8.1\Include\um\winsock.h(291) : see previous definition of 'IN_CLASSC'
     1>C:\Program Files (x86)\Windows Kits\8.1\Include\shared\ws2def.h(572): warning C4005: 'INADDR_ANY' : macro redefinition
                 C:\Program Files (x86)\Windows Kits\8.1\Include\um\winsock.h(296) : see previous definition of 'INADDR_ANY'
     1>C:\Program Files (x86)\Windows Kits\8.1\Include\shared\ws2def.h(574): warning C4005: 'INADDR_BROADCAST' : macro redefinition
                 C:\Program Files (x86)\Windows Kits\8.1\Include\um\winsock.h(298) : see previous definition of 'INADDR_BROADCAST'
     1>C:\Program Files (x86)\Windows Kits\8.1\Include\shared\ws2def.h(608): error C2011: 'sockaddr_in' : 'struct' type redefinition
                 C:\Program Files (x86)\Windows Kits\8.1\Include\um\winsock.h(304) : see declaration of 'sockaddr_in'
     1>C:\Program Files (x86)\Windows Kits\8.1\Include\um\WinSock2.h(125): error C2011: 'fd_set' : 'struct' type redefinition
                 C:\Program Files (x86)\Windows Kits\8.1\Include\um\winsock.h(60) : see declaration of 'fd_set'
     1>C:\Program Files (x86)\Windows Kits\8.1\Include\um\WinSock2.h(145): warning C4005: 'FD_CLR' : macro redefinition
                 C:\Program Files (x86)\Windows Kits\8.1\Include\um\winsock.h(89) : see previous definition of 'FD_CLR'
     1>C:\Program Files (x86)\Windows Kits\8.1\Include\um\WinSock2.h(160): warning C4005: 'FD_SET' : macro redefinition
                 C:\Program Files (x86)\Windows Kits\8.1\Include\um\winsock.h(94) : see previous definition of 'FD_SET'
     1>C:\Program Files (x86)\Windows Kits\8.1\Include\um\WinSock2.h(169): error C2011: 'timeval' : 'struct' type redefinition
                 C:\Program Files (x86)\Windows Kits\8.1\Include\um\winsock.h(103) : see declaration of 'timeval'
     1>C:\Program Files (x86)\Windows Kits\8.1\Include\um\WinSock2.h(225): error C2011: 'hostent' : 'struct' type redefinition
                 C:\Program Files (x86)\Windows Kits\8.1\Include\um\winsock.h(159) : see declaration of 'hostent'
     1>C:\Program Files (x86)\Windows Kits\8.1\Include\um\WinSock2.h(238): error C2011: 'netent' : 'struct' type redefinition
                 C:\Program Files (x86)\Windows Kits\8.1\Include\um\winsock.h(172) : see declaration of 'netent'
     1>C:\Program Files (x86)\Windows Kits\8.1\Include\um\WinSock2.h(245): error C2011: 'servent' : 'struct' type redefinition
                 C:\Program Files (x86)\Windows Kits\8.1\Include\um\winsock.h(179) : see declaration of 'servent'
     1>C:\Program Files (x86)\Windows Kits\8.1\Include\um\WinSock2.h(257): error C2011: 'protoent' : 'struct' type redefinition
                 C:\Program Files (x86)\Windows Kits\8.1\Include\um\winsock.h(191) : see declaration of 'protoent'
     1>C:\Program Files (x86)\Windows Kits\8.1\Include\um\WinSock2.h(353): error C2011: 'WSAData' : 'struct' type redefinition
                 C:\Program Files (x86)\Windows Kits\8.1\Include\um\winsock.h(314) : see declaration of 'WSAData'
     1>C:\Program Files (x86)\Windows Kits\8.1\Include\um\WinSock2.h(451): error C2011: 'sockproto' : 'struct' type redefinition
                 C:\Program Files (x86)\Windows Kits\8.1\Include\um\winsock.h(486) : see declaration of 'sockproto'
     1>C:\Program Files (x86)\Windows Kits\8.1\Include\um\WinSock2.h(493): error C2011: 'linger' : 'struct' type redefinition
                 C:\Program Files (x86)\Windows Kits\8.1\Include\um\winsock.h(523) : see declaration of 'linger'
     1>C:\Program Files (x86)\Windows Kits\8.1\Include\um\WinSock2.h(506): warning C4005: 'SOMAXCONN' : macro redefinition
                 C:\Program Files (x86)\Windows Kits\8.1\Include\um\winsock.h(536) : see previous definition of 'SOMAXCONN'
     1>C:\Program Files (x86)\Windows Kits\8.1\Include\um\WinSock2.h(540): warning C4005: 'FD_READ' : macro redefinition
                 C:\Program Files (x86)\Windows Kits\8.1\Include\um\winsock.h(554) : see previous definition of 'FD_READ'
     1>C:\Program Files (x86)\Windows Kits\8.1\Include\um\WinSock2.h(543): warning C4005: 'FD_WRITE' : macro redefinition
                 C:\Program Files (x86)\Windows Kits\8.1\Include\um\winsock.h(555) : see previous definition of 'FD_WRITE'
     1>C:\Program Files (x86)\Windows Kits\8.1\Include\um\WinSock2.h(546): warning C4005: 'FD_OOB' : macro redefinition
                 C:\Program Files (x86)\Windows Kits\8.1\Include\um\winsock.h(556) : see previous definition of 'FD_OOB'
     1>C:\Program Files (x86)\Windows Kits\8.1\Include\um\WinSock2.h(549): warning C4005: 'FD_ACCEPT' : macro redefinition
                 C:\Program Files (x86)\Windows Kits\8.1\Include\um\winsock.h(557) : see previous definition of 'FD_ACCEPT'
     1>C:\Program Files (x86)\Windows Kits\8.1\Include\um\WinSock2.h(552): warning C4005: 'FD_CONNECT' : macro redefinition
                 C:\Program Files (x86)\Windows Kits\8.1\Include\um\winsock.h(558) : see previous definition of 'FD_CONNECT'
     1>C:\Program Files (x86)\Windows Kits\8.1\Include\um\WinSock2.h(555): warning C4005: 'FD_CLOSE' : macro redefinition
                 C:\Program Files (x86)\Windows Kits\8.1\Include\um\winsock.h(559) : see previous definition of 'FD_CLOSE'
     1>C:\Program Files (x86)\Windows Kits\8.1\Include\um\WinSock2.h(1581): error C2375: 'accept' : redefinition; different linkage
                 C:\Program Files (x86)\Windows Kits\8.1\Include\um\winsock.h(734) : see declaration of 'accept'
     1>C:\Program Files (x86)\Windows Kits\8.1\Include\um\WinSock2.h(1603): error C2375: 'bind' : redefinition; different linkage
                 C:\Program Files (x86)\Windows Kits\8.1\Include\um\winsock.h(739) : see declaration of 'bind'
     1>C:\Program Files (x86)\Windows Kits\8.1\Include\um\WinSock2.h(1622): error C2375: 'closesocket' : redefinition; different linkage
                 C:\Program Files (x86)\Windows Kits\8.1\Include\um\winsock.h(744) : see declaration of 'closesocket'
     1>C:\Program Files (x86)\Windows Kits\8.1\Include\um\WinSock2.h(1641): error C2375: 'connect' : redefinition; different linkage
                 C:\Program Files (x86)\Windows Kits\8.1\Include\um\winsock.h(746) : see declaration of 'connect'
     1>C:\Program Files (x86)\Windows Kits\8.1\Include\um\WinSock2.h(1662): error C2375: 'ioctlsocket' : redefinition; different linkage
                 C:\Program Files (x86)\Windows Kits\8.1\Include\um\winsock.h(751) : see declaration of 'ioctlsocket'
     1>C:\Program Files (x86)\Windows Kits\8.1\Include\um\WinSock2.h(1683): error C2375: 'getpeername' : redefinition; different linkage
                 C:\Program Files (x86)\Windows Kits\8.1\Include\um\winsock.h(756) : see declaration of 'getpeername'
     1>C:\Program Files (x86)\Windows Kits\8.1\Include\um\WinSock2.h(1704): error C2375: 'getsockname' : redefinition; different linkage
                 C:\Program Files (x86)\Windows Kits\8.1\Include\um\winsock.h(761) : see declaration of 'getsockname'
     1>C:\Program Files (x86)\Windows Kits\8.1\Include\um\WinSock2.h(1727): error C2375: 'getsockopt' : redefinition; different linkage
                 C:\Program Files (x86)\Windows Kits\8.1\Include\um\winsock.h(766) : see declaration of 'getsockopt'
     1>C:\Program Files (x86)\Windows Kits\8.1\Include\um\WinSock2.h(1748): error C2375: 'htonl' : redefinition; different linkage
                 C:\Program Files (x86)\Windows Kits\8.1\Include\um\winsock.h(773) : see declaration of 'htonl'
     1>C:\Program Files (x86)\Windows Kits\8.1\Include\um\WinSock2.h(1765): error C2375: 'htons' : redefinition; different linkage
                 C:\Program Files (x86)\Windows Kits\8.1\Include\um\winsock.h(775) : see declaration of 'htons'
     1>C:\Program Files (x86)\Windows Kits\8.1\Include\um\WinSock2.h(1782): error C2375: 'inet_addr' : redefinition; different linkage
                 C:\Program Files (x86)\Windows Kits\8.1\Include\um\winsock.h(777) : see declaration of 'inet_addr'
     1>C:\Program Files (x86)\Windows Kits\8.1\Include\um\WinSock2.h(1799): error C2375: 'inet_ntoa' : redefinition; different linkage
                 C:\Program Files (x86)\Windows Kits\8.1\Include\um\winsock.h(779) : see declaration of 'inet_ntoa'
     1>C:\Program Files (x86)\Windows Kits\8.1\Include\um\WinSock2.h(1900): error C2375: 'listen' : redefinition; different linkage
                 C:\Program Files (x86)\Windows Kits\8.1\Include\um\winsock.h(781) : see declaration of 'listen'
     1>C:\Program Files (x86)\Windows Kits\8.1\Include\um\WinSock2.h(1918): error C2375: 'ntohl' : redefinition; different linkage
                 C:\Program Files (x86)\Windows Kits\8.1\Include\um\winsock.h(785) : see declaration of 'ntohl'
     1>C:\Program Files (x86)\Windows Kits\8.1\Include\um\WinSock2.h(1935): error C2375: 'ntohs' : redefinition; different linkage
                 C:\Program Files (x86)\Windows Kits\8.1\Include\um\winsock.h(787) : see declaration of 'ntohs'
     1>C:\Program Files (x86)\Windows Kits\8.1\Include\um\WinSock2.h(1955): error C2375: 'recv' : redefinition; different linkage
                 C:\Program Files (x86)\Windows Kits\8.1\Include\um\winsock.h(789) : see declaration of 'recv'
     1>C:\Program Files (x86)\Windows Kits\8.1\Include\um\WinSock2.h(1980): error C2375: 'recvfrom' : redefinition; different linkage
                 C:\Program Files (x86)\Windows Kits\8.1\Include\um\winsock.h(795) : see declaration of 'recvfrom'
     1>C:\Program Files (x86)\Windows Kits\8.1\Include\um\WinSock2.h(2006): error C2375: 'select' : redefinition; different linkage
                 C:\Program Files (x86)\Windows Kits\8.1\Include\um\winsock.h(803) : see declaration of 'select'
     1>C:\Program Files (x86)\Windows Kits\8.1\Include\um\WinSock2.h(2030): error C2375: 'send' : redefinition; different linkage
                 C:\Program Files (x86)\Windows Kits\8.1\Include\um\winsock.h(810) : see declaration of 'send'
     1>C:\Program Files (x86)\Windows Kits\8.1\Include\um\WinSock2.h(2055): error C2375: 'sendto' : redefinition; different linkage
                 C:\Program Files (x86)\Windows Kits\8.1\Include\um\winsock.h(816) : see declaration of 'sendto'
     1>C:\Program Files (x86)\Windows Kits\8.1\Include\um\WinSock2.h(2081): error C2375: 'setsockopt' : redefinition; different linkage
                 C:\Program Files (x86)\Windows Kits\8.1\Include\um\winsock.h(824) : see declaration of 'setsockopt'
     1>C:\Program Files (x86)\Windows Kits\8.1\Include\um\WinSock2.h(2103): error C2375: 'shutdown' : redefinition; different linkage
                 C:\Program Files (x86)\Windows Kits\8.1\Include\um\winsock.h(831) : see declaration of 'shutdown'
     1>C:\Program Files (x86)\Windows Kits\8.1\Include\um\WinSock2.h(2124): error C2375: 'socket' : redefinition; different linkage
                 C:\Program Files (x86)\Windows Kits\8.1\Include\um\winsock.h(835) : see declaration of 'socket'
     1>C:\Program Files (x86)\Windows Kits\8.1\Include\um\WinSock2.h(2148): error C2375: 'gethostbyaddr' : redefinition; different linkage
                 C:\Program Files (x86)\Windows Kits\8.1\Include\um\winsock.h(842) : see declaration of 'gethostbyaddr'
     1>C:\Program Files (x86)\Windows Kits\8.1\Include\um\WinSock2.h(2167): error C2375: 'gethostbyname' : redefinition; different linkage
                 C:\Program Files (x86)\Windows Kits\8.1\Include\um\winsock.h(847) : see declaration of 'gethostbyname'
     1>C:\Program Files (x86)\Windows Kits\8.1\Include\um\WinSock2.h(2185): error C2375: 'gethostname' : redefinition; different linkage
                 C:\Program Files (x86)\Windows Kits\8.1\Include\um\winsock.h(849) : see declaration of 'gethostname'
     1>C:\Program Files (x86)\Windows Kits\8.1\Include\um\WinSock2.h(2225): error C2375: 'getservbyport' : redefinition; different linkage
                 C:\Program Files (x86)\Windows Kits\8.1\Include\um\winsock.h(853) : see declaration of 'getservbyport'
     1>C:\Program Files (x86)\Windows Kits\8.1\Include\um\WinSock2.h(2244): error C2375: 'getservbyname' : redefinition; different linkage
                 C:\Program Files (x86)\Windows Kits\8.1\Include\um\winsock.h(857) : see declaration of 'getservbyname'
     1>C:\Program Files (x86)\Windows Kits\8.1\Include\um\WinSock2.h(2262): error C2375: 'getprotobynumber' : redefinition; different linkage
                 C:\Program Files (x86)\Windows Kits\8.1\Include\um\winsock.h(861) : see declaration of 'getprotobynumber'
     1>C:\Program Files (x86)\Windows Kits\8.1\Include\um\WinSock2.h(2279): error C2375: 'getprotobyname' : redefinition; different linkage
                 C:\Program Files (x86)\Windows Kits\8.1\Include\um\winsock.h(863) : see declaration of 'getprotobyname'
     1>C:\Program Files (x86)\Windows Kits\8.1\Include\um\WinSock2.h(2300): error C2375: 'WSAStartup' : redefinition; different linkage
                 C:\Program Files (x86)\Windows Kits\8.1\Include\um\winsock.h(867) : see declaration of 'WSAStartup'
     1>C:\Program Files (x86)\Windows Kits\8.1\Include\um\WinSock2.h(2319): error C2375: 'WSACleanup' : redefinition; different linkage
                 C:\Program Files (x86)\Windows Kits\8.1\Include\um\winsock.h(871) : see declaration of 'WSACleanup'
     1>C:\Program Files (x86)\Windows Kits\8.1\Include\um\WinSock2.h(2336): error C2375: 'WSASetLastError' : redefinition; different linkage
                 C:\Program Files (x86)\Windows Kits\8.1\Include\um\winsock.h(873) : see declaration of 'WSASetLastError'
     1>C:\Program Files (x86)\Windows Kits\8.1\Include\um\WinSock2.h(2353): error C2375: 'WSAGetLastError' : redefinition; different linkage
                 C:\Program Files (x86)\Windows Kits\8.1\Include\um\winsock.h(875) : see declaration of 'WSAGetLastError'
     1>C:\Program Files (x86)\Windows Kits\8.1\Include\um\WinSock2.h(2370): error C2375: 'WSAIsBlocking' : redefinition; different linkage
                 C:\Program Files (x86)\Windows Kits\8.1\Include\um\winsock.h(877) : see declaration of 'WSAIsBlocking'
     1>C:\Program Files (x86)\Windows Kits\8.1\Include\um\WinSock2.h(2387): error C2375: 'WSAUnhookBlockingHook' : redefinition; different linkage
                 C:\Program Files (x86)\Windows Kits\8.1\Include\um\winsock.h(879) : see declaration of 'WSAUnhookBlockingHook'
     1>C:\Program Files (x86)\Windows Kits\8.1\Include\um\WinSock2.h(2404): error C2375: 'WSASetBlockingHook' : redefinition; different linkage
                 C:\Program Files (x86)\Windows Kits\8.1\Include\um\winsock.h(881) : see declaration of 'WSASetBlockingHook'
     1>C:\Program Files (x86)\Windows Kits\8.1\Include\um\WinSock2.h(2421): error C2375: 'WSACancelBlockingCall' : redefinition; different linkage
                 C:\Program Files (x86)\Windows Kits\8.1\Include\um\winsock.h(883) : see declaration of 'WSACancelBlockingCall'
     1>C:\Program Files (x86)\Windows Kits\8.1\Include\um\WinSock2.h(2443): error C2375: 'WSAAsyncGetServByName' : redefinition; different linkage
                 C:\Program Files (x86)\Windows Kits\8.1\Include\um\winsock.h(885) : see declaration of 'WSAAsyncGetServByName'
     1>C:\Program Files (x86)\Windows Kits\8.1\Include\um\WinSock2.h(2470): error C2375: 'WSAAsyncGetServByPort' : redefinition; different linkage
                 C:\Program Files (x86)\Windows Kits\8.1\Include\um\winsock.h(893) : see declaration of 'WSAAsyncGetServByPort'
     1>C:\Program Files (x86)\Windows Kits\8.1\Include\um\WinSock2.h(2496): error C2375: 'WSAAsyncGetProtoByName' : redefinition; different linkage
                 C:\Program Files (x86)\Windows Kits\8.1\Include\um\winsock.h(901) : see declaration of 'WSAAsyncGetProtoByName'
     1>C:\Program Files (x86)\Windows Kits\8.1\Include\um\WinSock2.h(2521): error C2375: 'WSAAsyncGetProtoByNumber' : redefinition; different linkage
                 C:\Program Files (x86)\Windows Kits\8.1\Include\um\winsock.h(908) : see declaration of 'WSAAsyncGetProtoByNumber'
     1>C:\Program Files (x86)\Windows Kits\8.1\Include\um\WinSock2.h(2546): error C2375: 'WSAAsyncGetHostByName' : redefinition; different linkage
                 C:\Program Files (x86)\Windows Kits\8.1\Include\um\winsock.h(915) : see declaration of 'WSAAsyncGetHostByName'
     1>C:\Program Files (x86)\Windows Kits\8.1\Include\um\WinSock2.h(2573): error C2375: 'WSAAsyncGetHostByAddr' : redefinition; different linkage
                 C:\Program Files (x86)\Windows Kits\8.1\Include\um\winsock.h(922) : see declaration of 'WSAAsyncGetHostByAddr'
     1>C:\Program Files (x86)\Windows Kits\8.1\Include\um\WinSock2.h(2596): error C2375: 'WSACancelAsyncRequest' : redefinition; different linkage
                 C:\Program Files (x86)\Windows Kits\8.1\Include\um\winsock.h(931) : see declaration of 'WSACancelAsyncRequest'
     1>C:\Program Files (x86)\Windows Kits\8.1\Include\um\WinSock2.h(2616): error C2375: 'WSAAsyncSelect' : redefinition; different linkage
                 C:\Program Files (x86)\Windows Kits\8.1\Include\um\winsock.h(933) : see declaration of 'WSAAsyncSelect'
         main.cpp
     1>C:\Program Files (x86)\Windows Kits\8.1\Include\shared\ws2def.h(96): warning C4005: 'AF_IPX' : macro redefinition
                 C:\Program Files (x86)\Windows Kits\8.1\Include\um\winsock.h(452) : see previous definition of 'AF_IPX'
     1>C:\Program Files (x86)\Windows Kits\8.1\Include\shared\ws2def.h(136): warning C4005: 'AF_MAX' : macro redefinition
                 C:\Program Files (x86)\Windows Kits\8.1\Include\um\winsock.h(471) : see previous definition of 'AF_MAX'
     1>C:\Program Files (x86)\Windows Kits\8.1\Include\shared\ws2def.h(173): warning C4005: 'SO_DONTLINGER' : macro redefinition
                 C:\Program Files (x86)\Windows Kits\8.1\Include\um\winsock.h(394) : see previous definition of 'SO_DONTLINGER'
     1>C:\Program Files (x86)\Windows Kits\8.1\Include\shared\ws2def.h(217): error C2011: 'sockaddr' : 'struct' type redefinition
                 C:\Program Files (x86)\Windows Kits\8.1\Include\um\winsock.h(477) : see declaration of 'sockaddr'
     1>C:\Program Files (x86)\Windows Kits\8.1\Include\shared\ws2def.h(414): error C2059: syntax error : 'constant'
     1>C:\Program Files (x86)\Windows Kits\8.1\Include\shared\ws2def.h(414): error C3805: 'constant': unexpected token, expected either '}' or a ','
     1>C:\Program Files (x86)\Windows Kits\8.1\Include\shared\ws2def.h(549): warning C4005: 'IN_CLASSA' : macro redefinition
                 C:\Program Files (x86)\Windows Kits\8.1\Include\um\winsock.h(279) : see previous definition of 'IN_CLASSA'
     1>C:\Program Files (x86)\Windows Kits\8.1\Include\shared\ws2def.h(555): warning C4005: 'IN_CLASSB' : macro redefinition
                 C:\Program Files (x86)\Windows Kits\8.1\Include\um\winsock.h(285) : see previous definition of 'IN_CLASSB'
     1>C:\Program Files (x86)\Windows Kits\8.1\Include\shared\ws2def.h(561): warning C4005: 'IN_CLASSC' : macro redefinition
                 C:\Program Files (x86)\Windows Kits\8.1\Include\um\winsock.h(291) : see previous definition of 'IN_CLASSC'
     1>C:\Program Files (x86)\Windows Kits\8.1\Include\shared\ws2def.h(572): warning C4005: 'INADDR_ANY' : macro redefinition
                 C:\Program Files (x86)\Windows Kits\8.1\Include\um\winsock.h(296) : see previous definition of 'INADDR_ANY'
     1>C:\Program Files (x86)\Windows Kits\8.1\Include\shared\ws2def.h(574): warning C4005: 'INADDR_BROADCAST' : macro redefinition
                 C:\Program Files (x86)\Windows Kits\8.1\Include\um\winsock.h(298) : see previous definition of 'INADDR_BROADCAST'
     1>C:\Program Files (x86)\Windows Kits\8.1\Include\shared\ws2def.h(608): error C2011: 'sockaddr_in' : 'struct' type redefinition
                 C:\Program Files (x86)\Windows Kits\8.1\Include\um\winsock.h(304) : see declaration of 'sockaddr_in'
     1>C:\Program Files (x86)\Windows Kits\8.1\Include\um\WinSock2.h(125): error C2011: 'fd_set' : 'struct' type redefinition
                 C:\Program Files (x86)\Windows Kits\8.1\Include\um\winsock.h(60) : see declaration of 'fd_set'
     1>C:\Program Files (x86)\Windows Kits\8.1\Include\um\WinSock2.h(145): warning C4005: 'FD_CLR' : macro redefinition
                 C:\Program Files (x86)\Windows Kits\8.1\Include\um\winsock.h(89) : see previous definition of 'FD_CLR'
     1>C:\Program Files (x86)\Windows Kits\8.1\Include\um\WinSock2.h(160): warning C4005: 'FD_SET' : macro redefinition
                 C:\Program Files (x86)\Windows Kits\8.1\Include\um\winsock.h(94) : see previous definition of 'FD_SET'
     1>C:\Program Files (x86)\Windows Kits\8.1\Include\um\WinSock2.h(169): error C2011: 'timeval' : 'struct' type redefinition
                 C:\Program Files (x86)\Windows Kits\8.1\Include\um\winsock.h(103) : see declaration of 'timeval'
     1>C:\Program Files (x86)\Windows Kits\8.1\Include\um\WinSock2.h(225): error C2011: 'hostent' : 'struct' type redefinition
                 C:\Program Files (x86)\Windows Kits\8.1\Include\um\winsock.h(159) : see declaration of 'hostent'
     1>C:\Program Files (x86)\Windows Kits\8.1\Include\um\WinSock2.h(238): error C2011: 'netent' : 'struct' type redefinition
                 C:\Program Files (x86)\Windows Kits\8.1\Include\um\winsock.h(172) : see declaration of 'netent'
     1>C:\Program Files (x86)\Windows Kits\8.1\Include\um\WinSock2.h(245): error C2011: 'servent' : 'struct' type redefinition
                 C:\Program Files (x86)\Windows Kits\8.1\Include\um\winsock.h(179) : see declaration of 'servent'
     1>C:\Program Files (x86)\Windows Kits\8.1\Include\um\WinSock2.h(257): error C2011: 'protoent' : 'struct' type redefinition
                 C:\Program Files (x86)\Windows Kits\8.1\Include\um\winsock.h(191) : see declaration of 'protoent'
     1>C:\Program Files (x86)\Windows Kits\8.1\Include\um\WinSock2.h(353): error C2011: 'WSAData' : 'struct' type redefinition
                 C:\Program Files (x86)\Windows Kits\8.1\Include\um\winsock.h(314) : see declaration of 'WSAData'
     1>C:\Program Files (x86)\Windows Kits\8.1\Include\um\WinSock2.h(451): error C2011: 'sockproto' : 'struct' type redefinition
                 C:\Program Files (x86)\Windows Kits\8.1\Include\um\winsock.h(486) : see declaration of 'sockproto'
     1>C:\Program Files (x86)\Windows Kits\8.1\Include\um\WinSock2.h(493): error C2011: 'linger' : 'struct' type redefinition
                 C:\Program Files (x86)\Windows Kits\8.1\Include\um\winsock.h(523) : see declaration of 'linger'
     1>C:\Program Files (x86)\Windows Kits\8.1\Include\um\WinSock2.h(506): warning C4005: 'SOMAXCONN' : macro redefinition
                 C:\Program Files (x86)\Windows Kits\8.1\Include\um\winsock.h(536) : see previous definition of 'SOMAXCONN'
     1>C:\Program Files (x86)\Windows Kits\8.1\Include\um\WinSock2.h(540): warning C4005: 'FD_READ' : macro redefinition
                 C:\Program Files (x86)\Windows Kits\8.1\Include\um\winsock.h(554) : see previous definition of 'FD_READ'
     1>C:\Program Files (x86)\Windows Kits\8.1\Include\um\WinSock2.h(543): warning C4005: 'FD_WRITE' : macro redefinition
                 C:\Program Files (x86)\Windows Kits\8.1\Include\um\winsock.h(555) : see previous definition of 'FD_WRITE'
     1>C:\Program Files (x86)\Windows Kits\8.1\Include\um\WinSock2.h(546): warning C4005: 'FD_OOB' : macro redefinition
                 C:\Program Files (x86)\Windows Kits\8.1\Include\um\winsock.h(556) : see previous definition of 'FD_OOB'
     1>C:\Program Files (x86)\Windows Kits\8.1\Include\um\WinSock2.h(549): warning C4005: 'FD_ACCEPT' : macro redefinition
                 C:\Program Files (x86)\Windows Kits\8.1\Include\um\winsock.h(557) : see previous definition of 'FD_ACCEPT'
     1>C:\Program Files (x86)\Windows Kits\8.1\Include\um\WinSock2.h(552): warning C4005: 'FD_CONNECT' : macro redefinition
                 C:\Program Files (x86)\Windows Kits\8.1\Include\um\winsock.h(558) : see previous definition of 'FD_CONNECT'
     1>C:\Program Files (x86)\Windows Kits\8.1\Include\um\WinSock2.h(555): warning C4005: 'FD_CLOSE' : macro redefinition
                 C:\Program Files (x86)\Windows Kits\8.1\Include\um\winsock.h(559) : see previous definition of 'FD_CLOSE'
     1>C:\Program Files (x86)\Windows Kits\8.1\Include\um\WinSock2.h(1581): error C2375: 'accept' : redefinition; different linkage
                 C:\Program Files (x86)\Windows Kits\8.1\Include\um\winsock.h(734) : see declaration of 'accept'
     1>C:\Program Files (x86)\Windows Kits\8.1\Include\um\WinSock2.h(1603): error C2375: 'bind' : redefinition; different linkage
                 C:\Program Files (x86)\Windows Kits\8.1\Include\um\winsock.h(739) : see declaration of 'bind'
     1>C:\Program Files (x86)\Windows Kits\8.1\Include\um\WinSock2.h(1622): error C2375: 'closesocket' : redefinition; different linkage
                 C:\Program Files (x86)\Windows Kits\8.1\Include\um\winsock.h(744) : see declaration of 'closesocket'
     1>C:\Program Files (x86)\Windows Kits\8.1\Include\um\WinSock2.h(1641): error C2375: 'connect' : redefinition; different linkage
                 C:\Program Files (x86)\Windows Kits\8.1\Include\um\winsock.h(746) : see declaration of 'connect'
     1>C:\Program Files (x86)\Windows Kits\8.1\Include\um\WinSock2.h(1662): error C2375: 'ioctlsocket' : redefinition; different linkage
                 C:\Program Files (x86)\Windows Kits\8.1\Include\um\winsock.h(751) : see declaration of 'ioctlsocket'
     1>C:\Program Files (x86)\Windows Kits\8.1\Include\um\WinSock2.h(1683): error C2375: 'getpeername' : redefinition; different linkage
                 C:\Program Files (x86)\Windows Kits\8.1\Include\um\winsock.h(756) : see declaration of 'getpeername'
     1>C:\Program Files (x86)\Windows Kits\8.1\Include\um\WinSock2.h(1704): error C2375: 'getsockname' : redefinition; different linkage
                 C:\Program Files (x86)\Windows Kits\8.1\Include\um\winsock.h(761) : see declaration of 'getsockname'
     1>C:\Program Files (x86)\Windows Kits\8.1\Include\um\WinSock2.h(1727): error C2375: 'getsockopt' : redefinition; different linkage
                 C:\Program Files (x86)\Windows Kits\8.1\Include\um\winsock.h(766) : see declaration of 'getsockopt'
     1>C:\Program Files (x86)\Windows Kits\8.1\Include\um\WinSock2.h(1748): error C2375: 'htonl' : redefinition; different linkage
                 C:\Program Files (x86)\Windows Kits\8.1\Include\um\winsock.h(773) : see declaration of 'htonl'
     1>C:\Program Files (x86)\Windows Kits\8.1\Include\um\WinSock2.h(1765): error C2375: 'htons' : redefinition; different linkage
                 C:\Program Files (x86)\Windows Kits\8.1\Include\um\winsock.h(775) : see declaration of 'htons'
     1>C:\Program Files (x86)\Windows Kits\8.1\Include\um\WinSock2.h(1782): error C2375: 'inet_addr' : redefinition; different linkage
                 C:\Program Files (x86)\Windows Kits\8.1\Include\um\winsock.h(777) : see declaration of 'inet_addr'
     1>C:\Program Files (x86)\Windows Kits\8.1\Include\um\WinSock2.h(1799): error C2375: 'inet_ntoa' : redefinition; different linkage
                 C:\Program Files (x86)\Windows Kits\8.1\Include\um\winsock.h(779) : see declaration of 'inet_ntoa'
     1>C:\Program Files (x86)\Windows Kits\8.1\Include\um\WinSock2.h(1900): error C2375: 'listen' : redefinition; different linkage
                 C:\Program Files (x86)\Windows Kits\8.1\Include\um\winsock.h(781) : see declaration of 'listen'
     1>C:\Program Files (x86)\Windows Kits\8.1\Include\um\WinSock2.h(1918): error C2375: 'ntohl' : redefinition; different linkage
                 C:\Program Files (x86)\Windows Kits\8.1\Include\um\winsock.h(785) : see declaration of 'ntohl'
     1>C:\Program Files (x86)\Windows Kits\8.1\Include\um\WinSock2.h(1935): error C2375: 'ntohs' : redefinition; different linkage
                 C:\Program Files (x86)\Windows Kits\8.1\Include\um\winsock.h(787) : see declaration of 'ntohs'
     1>C:\Program Files (x86)\Windows Kits\8.1\Include\um\WinSock2.h(1955): error C2375: 'recv' : redefinition; different linkage
                 C:\Program Files (x86)\Windows Kits\8.1\Include\um\winsock.h(789) : see declaration of 'recv'
     1>C:\Program Files (x86)\Windows Kits\8.1\Include\um\WinSock2.h(1980): error C2375: 'recvfrom' : redefinition; different linkage
                 C:\Program Files (x86)\Windows Kits\8.1\Include\um\winsock.h(795) : see declaration of 'recvfrom'
     1>C:\Program Files (x86)\Windows Kits\8.1\Include\um\WinSock2.h(2006): error C2375: 'select' : redefinition; different linkage
                 C:\Program Files (x86)\Windows Kits\8.1\Include\um\winsock.h(803) : see declaration of 'select'
     1>C:\Program Files (x86)\Windows Kits\8.1\Include\um\WinSock2.h(2030): error C2375: 'send' : redefinition; different linkage
                 C:\Program Files (x86)\Windows Kits\8.1\Include\um\winsock.h(810) : see declaration of 'send'
     1>C:\Program Files (x86)\Windows Kits\8.1\Include\um\WinSock2.h(2055): error C2375: 'sendto' : redefinition; different linkage
                 C:\Program Files (x86)\Windows Kits\8.1\Include\um\winsock.h(816) : see declaration of 'sendto'
     1>C:\Program Files (x86)\Windows Kits\8.1\Include\um\WinSock2.h(2081): error C2375: 'setsockopt' : redefinition; different linkage
                 C:\Program Files (x86)\Windows Kits\8.1\Include\um\winsock.h(824) : see declaration of 'setsockopt'
     1>C:\Program Files (x86)\Windows Kits\8.1\Include\um\WinSock2.h(2103): error C2375: 'shutdown' : redefinition; different linkage
                 C:\Program Files (x86)\Windows Kits\8.1\Include\um\winsock.h(831) : see declaration of 'shutdown'
     1>C:\Program Files (x86)\Windows Kits\8.1\Include\um\WinSock2.h(2124): error C2375: 'socket' : redefinition; different linkage
                 C:\Program Files (x86)\Windows Kits\8.1\Include\um\winsock.h(835) : see declaration of 'socket'
     1>C:\Program Files (x86)\Windows Kits\8.1\Include\um\WinSock2.h(2148): error C2375: 'gethostbyaddr' : redefinition; different linkage
                 C:\Program Files (x86)\Windows Kits\8.1\Include\um\winsock.h(842) : see declaration of 'gethostbyaddr'
     1>C:\Program Files (x86)\Windows Kits\8.1\Include\um\WinSock2.h(2167): error C2375: 'gethostbyname' : redefinition; different linkage
                 C:\Program Files (x86)\Windows Kits\8.1\Include\um\winsock.h(847) : see declaration of 'gethostbyname'
     1>C:\Program Files (x86)\Windows Kits\8.1\Include\um\WinSock2.h(2185): error C2375: 'gethostname' : redefinition; different linkage
                 C:\Program Files (x86)\Windows Kits\8.1\Include\um\winsock.h(849) : see declaration of 'gethostname'
     1>C:\Program Files (x86)\Windows Kits\8.1\Include\um\WinSock2.h(2225): error C2375: 'getservbyport' : redefinition; different linkage
                 C:\Program Files (x86)\Windows Kits\8.1\Include\um\winsock.h(853) : see declaration of 'getservbyport'
     1>C:\Program Files (x86)\Windows Kits\8.1\Include\um\WinSock2.h(2244): error C2375: 'getservbyname' : redefinition; different linkage
                 C:\Program Files (x86)\Windows Kits\8.1\Include\um\winsock.h(857) : see declaration of 'getservbyname'
     1>C:\Program Files (x86)\Windows Kits\8.1\Include\um\WinSock2.h(2262): error C2375: 'getprotobynumber' : redefinition; different linkage
                 C:\Program Files (x86)\Windows Kits\8.1\Include\um\winsock.h(861) : see declaration of 'getprotobynumber'
     1>C:\Program Files (x86)\Windows Kits\8.1\Include\um\WinSock2.h(2279): error C2375: 'getprotobyname' : redefinition; different linkage
                 C:\Program Files (x86)\Windows Kits\8.1\Include\um\winsock.h(863) : see declaration of 'getprotobyname'
     1>C:\Program Files (x86)\Windows Kits\8.1\Include\um\WinSock2.h(2300): error C2375: 'WSAStartup' : redefinition; different linkage
                 C:\Program Files (x86)\Windows Kits\8.1\Include\um\winsock.h(867) : see declaration of 'WSAStartup'
     1>C:\Program Files (x86)\Windows Kits\8.1\Include\um\WinSock2.h(2319): error C2375: 'WSACleanup' : redefinition; different linkage
                 C:\Program Files (x86)\Windows Kits\8.1\Include\um\winsock.h(871) : see declaration of 'WSACleanup'
     1>C:\Program Files (x86)\Windows Kits\8.1\Include\um\WinSock2.h(2336): error C2375: 'WSASetLastError' : redefinition; different linkage
                 C:\Program Files (x86)\Windows Kits\8.1\Include\um\winsock.h(873) : see declaration of 'WSASetLastError'
     1>C:\Program Files (x86)\Windows Kits\8.1\Include\um\WinSock2.h(2353): error C2375: 'WSAGetLastError' : redefinition; different linkage
                 C:\Program Files (x86)\Windows Kits\8.1\Include\um\winsock.h(875) : see declaration of 'WSAGetLastError'
     1>C:\Program Files (x86)\Windows Kits\8.1\Include\um\WinSock2.h(2370): error C2375: 'WSAIsBlocking' : redefinition; different linkage
                 C:\Program Files (x86)\Windows Kits\8.1\Include\um\winsock.h(877) : see declaration of 'WSAIsBlocking'
     1>C:\Program Files (x86)\Windows Kits\8.1\Include\um\WinSock2.h(2387): error C2375: 'WSAUnhookBlockingHook' : redefinition; different linkage
                 C:\Program Files (x86)\Windows Kits\8.1\Include\um\winsock.h(879) : see declaration of 'WSAUnhookBlockingHook'
     1>C:\Program Files (x86)\Windows Kits\8.1\Include\um\WinSock2.h(2404): error C2375: 'WSASetBlockingHook' : redefinition; different linkage
                 C:\Program Files (x86)\Windows Kits\8.1\Include\um\winsock.h(881) : see declaration of 'WSASetBlockingHook'
     1>C:\Program Files (x86)\Windows Kits\8.1\Include\um\WinSock2.h(2421): error C2375: 'WSACancelBlockingCall' : redefinition; different linkage
                 C:\Program Files (x86)\Windows Kits\8.1\Include\um\winsock.h(883) : see declaration of 'WSACancelBlockingCall'
     1>C:\Program Files (x86)\Windows Kits\8.1\Include\um\WinSock2.h(2443): error C2375: 'WSAAsyncGetServByName' : redefinition; different linkage
                 C:\Program Files (x86)\Windows Kits\8.1\Include\um\winsock.h(885) : see declaration of 'WSAAsyncGetServByName'
     1>C:\Program Files (x86)\Windows Kits\8.1\Include\um\WinSock2.h(2470): error C2375: 'WSAAsyncGetServByPort' : redefinition; different linkage
                 C:\Program Files (x86)\Windows Kits\8.1\Include\um\winsock.h(893) : see declaration of 'WSAAsyncGetServByPort'
     1>C:\Program Files (x86)\Windows Kits\8.1\Include\um\WinSock2.h(2496): error C2375: 'WSAAsyncGetProtoByName' : redefinition; different linkage
                 C:\Program Files (x86)\Windows Kits\8.1\Include\um\winsock.h(901) : see declaration of 'WSAAsyncGetProtoByName'
     1>C:\Program Files (x86)\Windows Kits\8.1\Include\um\WinSock2.h(2521): error C2375: 'WSAAsyncGetProtoByNumber' : redefinition; different linkage
                 C:\Program Files (x86)\Windows Kits\8.1\Include\um\winsock.h(908) : see declaration of 'WSAAsyncGetProtoByNumber'
     1>C:\Program Files (x86)\Windows Kits\8.1\Include\um\WinSock2.h(2546): error C2375: 'WSAAsyncGetHostByName' : redefinition; different linkage
                 C:\Program Files (x86)\Windows Kits\8.1\Include\um\winsock.h(915) : see declaration of 'WSAAsyncGetHostByName'
     1>C:\Program Files (x86)\Windows Kits\8.1\Include\um\WinSock2.h(2573): error C2375: 'WSAAsyncGetHostByAddr' : redefinition; different linkage
                 C:\Program Files (x86)\Windows Kits\8.1\Include\um\winsock.h(922) : see declaration of 'WSAAsyncGetHostByAddr'
     1>C:\Program Files (x86)\Windows Kits\8.1\Include\um\WinSock2.h(2596): error C2375: 'WSACancelAsyncRequest' : redefinition; different linkage
                 C:\Program Files (x86)\Windows Kits\8.1\Include\um\winsock.h(931) : see declaration of 'WSACancelAsyncRequest'
     1>C:\Program Files (x86)\Windows Kits\8.1\Include\um\WinSock2.h(2616): error C2375: 'WSAAsyncSelect' : redefinition; different linkage
                 C:\Program Files (x86)\Windows Kits\8.1\Include\um\winsock.h(933) : see declaration of 'WSAAsyncSelect'
         mainwindow.cpp
     1>C:\Program Files (x86)\Windows Kits\8.1\Include\shared\ws2def.h(96): warning C4005: 'AF_IPX' : macro redefinition
                 C:\Program Files (x86)\Windows Kits\8.1\Include\um\winsock.h(452) : see previous definition of 'AF_IPX'
     1>C:\Program Files (x86)\Windows Kits\8.1\Include\shared\ws2def.h(136): warning C4005: 'AF_MAX' : macro redefinition
                 C:\Program Files (x86)\Windows Kits\8.1\Include\um\winsock.h(471) : see previous definition of 'AF_MAX'
     1>C:\Program Files (x86)\Windows Kits\8.1\Include\shared\ws2def.h(173): warning C4005: 'SO_DONTLINGER' : macro redefinition
                 C:\Program Files (x86)\Windows Kits\8.1\Include\um\winsock.h(394) : see previous definition of 'SO_DONTLINGER'
     1>C:\Program Files (x86)\Windows Kits\8.1\Include\shared\ws2def.h(217): error C2011: 'sockaddr' : 'struct' type redefinition
                 C:\Program Files (x86)\Windows Kits\8.1\Include\um\winsock.h(477) : see declaration of 'sockaddr'
     1>C:\Program Files (x86)\Windows Kits\8.1\Include\shared\ws2def.h(414): error C2059: syntax error : 'constant'
     1>C:\Program Files (x86)\Windows Kits\8.1\Include\shared\ws2def.h(414): error C3805: 'constant': unexpected token, expected either '}' or a ','
     1>C:\Program Files (x86)\Windows Kits\8.1\Include\shared\ws2def.h(549): warning C4005: 'IN_CLASSA' : macro redefinition
                 C:\Program Files (x86)\Windows Kits\8.1\Include\um\winsock.h(279) : see previous definition of 'IN_CLASSA'
     1>C:\Program Files (x86)\Windows Kits\8.1\Include\shared\ws2def.h(555): warning C4005: 'IN_CLASSB' : macro redefinition
                 C:\Program Files (x86)\Windows Kits\8.1\Include\um\winsock.h(285) : see previous definition of 'IN_CLASSB'
     1>C:\Program Files (x86)\Windows Kits\8.1\Include\shared\ws2def.h(561): warning C4005: 'IN_CLASSC' : macro redefinition
                 C:\Program Files (x86)\Windows Kits\8.1\Include\um\winsock.h(291) : see previous definition of 'IN_CLASSC'
     1>C:\Program Files (x86)\Windows Kits\8.1\Include\shared\ws2def.h(572): warning C4005: 'INADDR_ANY' : macro redefinition
                 C:\Program Files (x86)\Windows Kits\8.1\Include\um\winsock.h(296) : see previous definition of 'INADDR_ANY'
     1>C:\Program Files (x86)\Windows Kits\8.1\Include\shared\ws2def.h(574): warning C4005: 'INADDR_BROADCAST' : macro redefinition
                 C:\Program Files (x86)\Windows Kits\8.1\Include\um\winsock.h(298) : see previous definition of 'INADDR_BROADCAST'
     1>C:\Program Files (x86)\Windows Kits\8.1\Include\shared\ws2def.h(608): error C2011: 'sockaddr_in' : 'struct' type redefinition
                 C:\Program Files (x86)\Windows Kits\8.1\Include\um\winsock.h(304) : see declaration of 'sockaddr_in'
     1>C:\Program Files (x86)\Windows Kits\8.1\Include\um\WinSock2.h(125): error C2011: 'fd_set' : 'struct' type redefinition
                 C:\Program Files (x86)\Windows Kits\8.1\Include\um\winsock.h(60) : see declaration of 'fd_set'
     1>C:\Program Files (x86)\Windows Kits\8.1\Include\um\WinSock2.h(145): warning C4005: 'FD_CLR' : macro redefinition
                 C:\Program Files (x86)\Windows Kits\8.1\Include\um\winsock.h(89) : see previous definition of 'FD_CLR'
     1>C:\Program Files (x86)\Windows Kits\8.1\Include\um\WinSock2.h(160): warning C4005: 'FD_SET' : macro redefinition
                 C:\Program Files (x86)\Windows Kits\8.1\Include\um\winsock.h(94) : see previous definition of 'FD_SET'
     1>C:\Program Files (x86)\Windows Kits\8.1\Include\um\WinSock2.h(169): error C2011: 'timeval' : 'struct' type redefinition
                 C:\Program Files (x86)\Windows Kits\8.1\Include\um\winsock.h(103) : see declaration of 'timeval'
     1>C:\Program Files (x86)\Windows Kits\8.1\Include\um\WinSock2.h(225): error C2011: 'hostent' : 'struct' type redefinition
                 C:\Program Files (x86)\Windows Kits\8.1\Include\um\winsock.h(159) : see declaration of 'hostent'
     1>C:\Program Files (x86)\Windows Kits\8.1\Include\um\WinSock2.h(238): error C2011: 'netent' : 'struct' type redefinition
                 C:\Program Files (x86)\Windows Kits\8.1\Include\um\winsock.h(172) : see declaration of 'netent'
     1>C:\Program Files (x86)\Windows Kits\8.1\Include\um\WinSock2.h(245): error C2011: 'servent' : 'struct' type redefinition
                 C:\Program Files (x86)\Windows Kits\8.1\Include\um\winsock.h(179) : see declaration of 'servent'
     1>C:\Program Files (x86)\Windows Kits\8.1\Include\um\WinSock2.h(257): error C2011: 'protoent' : 'struct' type redefinition
                 C:\Program Files (x86)\Windows Kits\8.1\Include\um\winsock.h(191) : see declaration of 'protoent'
     1>C:\Program Files (x86)\Windows Kits\8.1\Include\um\WinSock2.h(353): error C2011: 'WSAData' : 'struct' type redefinition
                 C:\Program Files (x86)\Windows Kits\8.1\Include\um\winsock.h(314) : see declaration of 'WSAData'
     1>C:\Program Files (x86)\Windows Kits\8.1\Include\um\WinSock2.h(451): error C2011: 'sockproto' : 'struct' type redefinition
                 C:\Program Files (x86)\Windows Kits\8.1\Include\um\winsock.h(486) : see declaration of 'sockproto'
     1>C:\Program Files (x86)\Windows Kits\8.1\Include\um\WinSock2.h(493): error C2011: 'linger' : 'struct' type redefinition
                 C:\Program Files (x86)\Windows Kits\8.1\Include\um\winsock.h(523) : see declaration of 'linger'
     1>C:\Program Files (x86)\Windows Kits\8.1\Include\um\WinSock2.h(506): warning C4005: 'SOMAXCONN' : macro redefinition
                 C:\Program Files (x86)\Windows Kits\8.1\Include\um\winsock.h(536) : see previous definition of 'SOMAXCONN'
     1>C:\Program Files (x86)\Windows Kits\8.1\Include\um\WinSock2.h(540): warning C4005: 'FD_READ' : macro redefinition
                 C:\Program Files (x86)\Windows Kits\8.1\Include\um\winsock.h(554) : see previous definition of 'FD_READ'
     1>C:\Program Files (x86)\Windows Kits\8.1\Include\um\WinSock2.h(543): warning C4005: 'FD_WRITE' : macro redefinition
                 C:\Program Files (x86)\Windows Kits\8.1\Include\um\winsock.h(555) : see previous definition of 'FD_WRITE'
     1>C:\Program Files (x86)\Windows Kits\8.1\Include\um\WinSock2.h(546): warning C4005: 'FD_OOB' : macro redefinition
                 C:\Program Files (x86)\Windows Kits\8.1\Include\um\winsock.h(556) : see previous definition of 'FD_OOB'
     1>C:\Program Files (x86)\Windows Kits\8.1\Include\um\WinSock2.h(549): warning C4005: 'FD_ACCEPT' : macro redefinition
                 C:\Program Files (x86)\Windows Kits\8.1\Include\um\winsock.h(557) : see previous definition of 'FD_ACCEPT'
     1>C:\Program Files (x86)\Windows Kits\8.1\Include\um\WinSock2.h(552): warning C4005: 'FD_CONNECT' : macro redefinition
                 C:\Program Files (x86)\Windows Kits\8.1\Include\um\winsock.h(558) : see previous definition of 'FD_CONNECT'
     1>C:\Program Files (x86)\Windows Kits\8.1\Include\um\WinSock2.h(555): warning C4005: 'FD_CLOSE' : macro redefinition
                 C:\Program Files (x86)\Windows Kits\8.1\Include\um\winsock.h(559) : see previous definition of 'FD_CLOSE'
     1>C:\Program Files (x86)\Windows Kits\8.1\Include\um\WinSock2.h(1581): error C2375: 'accept' : redefinition; different linkage
                 C:\Program Files (x86)\Windows Kits\8.1\Include\um\winsock.h(734) : see declaration of 'accept'
     1>C:\Program Files (x86)\Windows Kits\8.1\Include\um\WinSock2.h(1603): error C2375: 'bind' : redefinition; different linkage
                 C:\Program Files (x86)\Windows Kits\8.1\Include\um\winsock.h(739) : see declaration of 'bind'
     1>C:\Program Files (x86)\Windows Kits\8.1\Include\um\WinSock2.h(1622): error C2375: 'closesocket' : redefinition; different linkage
                 C:\Program Files (x86)\Windows Kits\8.1\Include\um\winsock.h(744) : see declaration of 'closesocket'
     1>C:\Program Files (x86)\Windows Kits\8.1\Include\um\WinSock2.h(1641): error C2375: 'connect' : redefinition; different linkage
                 C:\Program Files (x86)\Windows Kits\8.1\Include\um\winsock.h(746) : see declaration of 'connect'
     1>C:\Program Files (x86)\Windows Kits\8.1\Include\um\WinSock2.h(1662): error C2375: 'ioctlsocket' : redefinition; different linkage
                 C:\Program Files (x86)\Windows Kits\8.1\Include\um\winsock.h(751) : see declaration of 'ioctlsocket'
     1>C:\Program Files (x86)\Windows Kits\8.1\Include\um\WinSock2.h(1683): error C2375: 'getpeername' : redefinition; different linkage
                 C:\Program Files (x86)\Windows Kits\8.1\Include\um\winsock.h(756) : see declaration of 'getpeername'
     1>C:\Program Files (x86)\Windows Kits\8.1\Include\um\WinSock2.h(1704): error C2375: 'getsockname' : redefinition; different linkage
                 C:\Program Files (x86)\Windows Kits\8.1\Include\um\winsock.h(761) : see declaration of 'getsockname'
     1>C:\Program Files (x86)\Windows Kits\8.1\Include\um\WinSock2.h(1727): error C2375: 'getsockopt' : redefinition; different linkage
                 C:\Program Files (x86)\Windows Kits\8.1\Include\um\winsock.h(766) : see declaration of 'getsockopt'
     1>C:\Program Files (x86)\Windows Kits\8.1\Include\um\WinSock2.h(1748): error C2375: 'htonl' : redefinition; different linkage
                 C:\Program Files (x86)\Windows Kits\8.1\Include\um\winsock.h(773) : see declaration of 'htonl'
     1>C:\Program Files (x86)\Windows Kits\8.1\Include\um\WinSock2.h(1765): error C2375: 'htons' : redefinition; different linkage
                 C:\Program Files (x86)\Windows Kits\8.1\Include\um\winsock.h(775) : see declaration of 'htons'
     1>C:\Program Files (x86)\Windows Kits\8.1\Include\um\WinSock2.h(1782): error C2375: 'inet_addr' : redefinition; different linkage
                 C:\Program Files (x86)\Windows Kits\8.1\Include\um\winsock.h(777) : see declaration of 'inet_addr'
     1>C:\Program Files (x86)\Windows Kits\8.1\Include\um\WinSock2.h(1799): error C2375: 'inet_ntoa' : redefinition; different linkage
                 C:\Program Files (x86)\Windows Kits\8.1\Include\um\winsock.h(779) : see declaration of 'inet_ntoa'
     1>C:\Program Files (x86)\Windows Kits\8.1\Include\um\WinSock2.h(1900): error C2375: 'listen' : redefinition; different linkage
                 C:\Program Files (x86)\Windows Kits\8.1\Include\um\winsock.h(781) : see declaration of 'listen'
     1>C:\Program Files (x86)\Windows Kits\8.1\Include\um\WinSock2.h(1918): error C2375: 'ntohl' : redefinition; different linkage
                 C:\Program Files (x86)\Windows Kits\8.1\Include\um\winsock.h(785) : see declaration of 'ntohl'
     1>C:\Program Files (x86)\Windows Kits\8.1\Include\um\WinSock2.h(1935): error C2375: 'ntohs' : redefinition; different linkage
                 C:\Program Files (x86)\Windows Kits\8.1\Include\um\winsock.h(787) : see declaration of 'ntohs'
     1>C:\Program Files (x86)\Windows Kits\8.1\Include\um\WinSock2.h(1955): error C2375: 'recv' : redefinition; different linkage
                 C:\Program Files (x86)\Windows Kits\8.1\Include\um\winsock.h(789) : see declaration of 'recv'
     1>C:\Program Files (x86)\Windows Kits\8.1\Include\um\WinSock2.h(1980): error C2375: 'recvfrom' : redefinition; different linkage
                 C:\Program Files (x86)\Windows Kits\8.1\Include\um\winsock.h(795) : see declaration of 'recvfrom'
     1>C:\Program Files (x86)\Windows Kits\8.1\Include\um\WinSock2.h(2006): error C2375: 'select' : redefinition; different linkage
                 C:\Program Files (x86)\Windows Kits\8.1\Include\um\winsock.h(803) : see declaration of 'select'
     1>C:\Program Files (x86)\Windows Kits\8.1\Include\um\WinSock2.h(2030): error C2375: 'send' : redefinition; different linkage
                 C:\Program Files (x86)\Windows Kits\8.1\Include\um\winsock.h(810) : see declaration of 'send'
     1>C:\Program Files (x86)\Windows Kits\8.1\Include\um\WinSock2.h(2055): error C2375: 'sendto' : redefinition; different linkage
                 C:\Program Files (x86)\Windows Kits\8.1\Include\um\winsock.h(816) : see declaration of 'sendto'
     1>C:\Program Files (x86)\Windows Kits\8.1\Include\um\WinSock2.h(2081): error C2375: 'setsockopt' : redefinition; different linkage
                 C:\Program Files (x86)\Windows Kits\8.1\Include\um\winsock.h(824) : see declaration of 'setsockopt'
     1>C:\Program Files (x86)\Windows Kits\8.1\Include\um\WinSock2.h(2103): error C2375: 'shutdown' : redefinition; different linkage
                 C:\Program Files (x86)\Windows Kits\8.1\Include\um\winsock.h(831) : see declaration of 'shutdown'
     1>C:\Program Files (x86)\Windows Kits\8.1\Include\um\WinSock2.h(2124): error C2375: 'socket' : redefinition; different linkage
                 C:\Program Files (x86)\Windows Kits\8.1\Include\um\winsock.h(835) : see declaration of 'socket'
     1>C:\Program Files (x86)\Windows Kits\8.1\Include\um\WinSock2.h(2148): error C2375: 'gethostbyaddr' : redefinition; different linkage
                 C:\Program Files (x86)\Windows Kits\8.1\Include\um\winsock.h(842) : see declaration of 'gethostbyaddr'
     1>C:\Program Files (x86)\Windows Kits\8.1\Include\um\WinSock2.h(2167): error C2375: 'gethostbyname' : redefinition; different linkage
                 C:\Program Files (x86)\Windows Kits\8.1\Include\um\winsock.h(847) : see declaration of 'gethostbyname'
     1>C:\Program Files (x86)\Windows Kits\8.1\Include\um\WinSock2.h(2185): error C2375: 'gethostname' : redefinition; different linkage
                 C:\Program Files (x86)\Windows Kits\8.1\Include\um\winsock.h(849) : see declaration of 'gethostname'
     1>C:\Program Files (x86)\Windows Kits\8.1\Include\um\WinSock2.h(2225): error C2375: 'getservbyport' : redefinition; different linkage
                 C:\Program Files (x86)\Windows Kits\8.1\Include\um\winsock.h(853) : see declaration of 'getservbyport'
     1>C:\Program Files (x86)\Windows Kits\8.1\Include\um\WinSock2.h(2244): error C2375: 'getservbyname' : redefinition; different linkage
                 C:\Program Files (x86)\Windows Kits\8.1\Include\um\winsock.h(857) : see declaration of 'getservbyname'
     1>C:\Program Files (x86)\Windows Kits\8.1\Include\um\WinSock2.h(2262): error C2375: 'getprotobynumber' : redefinition; different linkage
                 C:\Program Files (x86)\Windows Kits\8.1\Include\um\winsock.h(861) : see declaration of 'getprotobynumber'
     1>C:\Program Files (x86)\Windows Kits\8.1\Include\um\WinSock2.h(2279): error C2375: 'getprotobyname' : redefinition; different linkage
                 C:\Program Files (x86)\Windows Kits\8.1\Include\um\winsock.h(863) : see declaration of 'getprotobyname'
     1>C:\Program Files (x86)\Windows Kits\8.1\Include\um\WinSock2.h(2300): error C2375: 'WSAStartup' : redefinition; different linkage
                 C:\Program Files (x86)\Windows Kits\8.1\Include\um\winsock.h(867) : see declaration of 'WSAStartup'
     1>C:\Program Files (x86)\Windows Kits\8.1\Include\um\WinSock2.h(2319): error C2375: 'WSACleanup' : redefinition; different linkage
                 C:\Program Files (x86)\Windows Kits\8.1\Include\um\winsock.h(871) : see declaration of 'WSACleanup'
     1>C:\Program Files (x86)\Windows Kits\8.1\Include\um\WinSock2.h(2336): error C2375: 'WSASetLastError' : redefinition; different linkage
                 C:\Program Files (x86)\Windows Kits\8.1\Include\um\winsock.h(873) : see declaration of 'WSASetLastError'
     1>C:\Program Files (x86)\Windows Kits\8.1\Include\um\WinSock2.h(2353): error C2375: 'WSAGetLastError' : redefinition; different linkage
                 C:\Program Files (x86)\Windows Kits\8.1\Include\um\winsock.h(875) : see declaration of 'WSAGetLastError'
     1>C:\Program Files (x86)\Windows Kits\8.1\Include\um\WinSock2.h(2370): error C2375: 'WSAIsBlocking' : redefinition; different linkage
                 C:\Program Files (x86)\Windows Kits\8.1\Include\um\winsock.h(877) : see declaration of 'WSAIsBlocking'
     1>C:\Program Files (x86)\Windows Kits\8.1\Include\um\WinSock2.h(2387): error C2375: 'WSAUnhookBlockingHook' : redefinition; different linkage
                 C:\Program Files (x86)\Windows Kits\8.1\Include\um\winsock.h(879) : see declaration of 'WSAUnhookBlockingHook'
     1>C:\Program Files (x86)\Windows Kits\8.1\Include\um\WinSock2.h(2404): error C2375: 'WSASetBlockingHook' : redefinition; different linkage
                 C:\Program Files (x86)\Windows Kits\8.1\Include\um\winsock.h(881) : see declaration of 'WSASetBlockingHook'
     1>C:\Program Files (x86)\Windows Kits\8.1\Include\um\WinSock2.h(2421): error C2375: 'WSACancelBlockingCall' : redefinition; different linkage
                 C:\Program Files (x86)\Windows Kits\8.1\Include\um\winsock.h(883) : see declaration of 'WSACancelBlockingCall'
     1>C:\Program Files (x86)\Windows Kits\8.1\Include\um\WinSock2.h(2443): error C2375: 'WSAAsyncGetServByName' : redefinition; different linkage
                 C:\Program Files (x86)\Windows Kits\8.1\Include\um\winsock.h(885) : see declaration of 'WSAAsyncGetServByName'
     1>C:\Program Files (x86)\Windows Kits\8.1\Include\um\WinSock2.h(2470): error C2375: 'WSAAsyncGetServByPort' : redefinition; different linkage
                 C:\Program Files (x86)\Windows Kits\8.1\Include\um\winsock.h(893) : see declaration of 'WSAAsyncGetServByPort'
     1>C:\Program Files (x86)\Windows Kits\8.1\Include\um\WinSock2.h(2496): error C2375: 'WSAAsyncGetProtoByName' : redefinition; different linkage
                 C:\Program Files (x86)\Windows Kits\8.1\Include\um\winsock.h(901) : see declaration of 'WSAAsyncGetProtoByName'
     1>C:\Program Files (x86)\Windows Kits\8.1\Include\um\WinSock2.h(2521): error C2375: 'WSAAsyncGetProtoByNumber' : redefinition; different linkage
                 C:\Program Files (x86)\Windows Kits\8.1\Include\um\winsock.h(908) : see declaration of 'WSAAsyncGetProtoByNumber'
     1>C:\Program Files (x86)\Windows Kits\8.1\Include\um\WinSock2.h(2546): error C2375: 'WSAAsyncGetHostByName' : redefinition; different linkage
                 C:\Program Files (x86)\Windows Kits\8.1\Include\um\winsock.h(915) : see declaration of 'WSAAsyncGetHostByName'
     1>C:\Program Files (x86)\Windows Kits\8.1\Include\um\WinSock2.h(2573): error C2375: 'WSAAsyncGetHostByAddr' : redefinition; different linkage
                 C:\Program Files (x86)\Windows Kits\8.1\Include\um\winsock.h(922) : see declaration of 'WSAAsyncGetHostByAddr'
     1>C:\Program Files (x86)\Windows Kits\8.1\Include\um\WinSock2.h(2596): error C2375: 'WSACancelAsyncRequest' : redefinition; different linkage
                 C:\Program Files (x86)\Windows Kits\8.1\Include\um\winsock.h(931) : see declaration of 'WSACancelAsyncRequest'
     1>C:\Program Files (x86)\Windows Kits\8.1\Include\um\WinSock2.h(2616): error C2375: 'WSAAsyncSelect' : redefinition; different linkage
                 C:\Program Files (x86)\Windows Kits\8.1\Include\um\winsock.h(933) : see declaration of 'WSAAsyncSelect'
         Generating Code...
     1>Done Building Project "C:\Users\rondo\Documents\sample2\sample2.vcxproj" (Build target(s)) -- FAILED.

Build FAILED.

Time Elapsed 00:00:09.66
